#
# A fatal error has been detected by the Java Runtime Environment:
#
#  EXCEPTION_ACCESS_VIOLATION (0xc0000005) at pc=0x000000005b1856c2, pid=6572, tid=0x0000000000000d60
#
# JRE version: Java(TM) SE Runtime Environment (8.0_121-b13) (build 1.8.0_121-b13)
# Java VM: Java HotSpot(TM) 64-Bit Server VM (25.121-b13 mixed mode windows-amd64 compressed oops)
# Problematic frame:
# V  [jvm.dll+0x1456c2]
#
# Failed to write core dump. Minidumps are not enabled by default on client versions of Windows
#
# If you would like to submit a bug report, please visit:
#   http://bugreport.java.com/bugreport/crash.jsp
#

---------------  T H R E A D  ---------------

Current thread (0x0000000015b5f000):  JavaThread "JavaFX Application Thread" [_thread_in_vm, id=3424, stack(0x0000000016100000,0x0000000016200000)]

siginfo: ExceptionCode=0xc0000005, reading address 0x0000000000000000

Registers:
RAX=0x0000000000000000, RBX=0x0000000015b5f000, RCX=0x0000000000000f00, RDX=0x0000000000000000
RSP=0x00000000161fbd80, RBP=0x0000000000000000, RSI=0x0000000000000000, RDI=0x0000000000000000
R8 =0x0000000000000000, R9 =0x00000000ed35e2c0, R10=0x000000000000006a, R11=0x000000005b84d358
R12=0x00000000161fbf20, R13=0x000000001c269ca8, R14=0x00000000161fbf20, R15=0x0000000015b5f000
RIP=0x000000005b1856c2, EFLAGS=0x0000000000010202

Top of Stack: (sp=0x00000000161fbd80)
0x00000000161fbd80:   00000000161fbe40 000000005b21b6a7
0x00000000161fbd90:   00000000161fbe40 000000006934204d
0x00000000161fbda0:   0000000015b5f000 0000000000000000
0x00000000161fbdb0:   000000001c269ca8 0000000069341599
0x00000000161fbdc0:   0000000015b5f000 0000000015b5dac0
0x00000000161fbdd0:   000000001c269cb0 00000000161fbf20
0x00000000161fbde0:   0000000015b66ac0 0000000015b5f1f8
0x00000000161fbdf0:   0000000050200030 0000000069342090
0x00000000161fbe00:   000000001914cfe8 0000000000000000
0x00000000161fbe10:   000000001c269cb0 0000000015b5f1f8
0x00000000161fbe20:   000000001c269cb0 0000000015b5f000
0x00000000161fbe30:   000000000000000a 0000000002378349
0x00000000161fbe40:   000000001c269cb0 0000000050200030
0x00000000161fbe50:   000000000000000a 00000000161fbef8
0x00000000161fbe60:   0000000000000000 00000000023784b7
0x00000000161fbe70:   0000000050200030 000000000000000a 

Instructions: (pc=0x000000005b1856c2)
0x000000005b1856a2:   89 5c 24 20 48 89 74 24 28 48 39 73 08 74 0a 48
0x000000005b1856b2:   8d 4c 24 20 e8 05 63 13 00 40 38 35 ae 6c 6c 00
0x000000005b1856c2:   48 8b 3f 48 63 05 90 cc 6a 00 74 1b 8b 0c 38 85
0x000000005b1856d2:   c9 74 7c 8b c1 8b 0d bb a0 65 00 48 d3 e0 48 03 


Register to memory mapping:

RAX=0x0000000000000000 is an unknown value
RBX=0x0000000015b5f000 is a thread
RCX=0x0000000000000f00 is an unknown value
RDX=0x0000000000000000 is an unknown value
RSP=0x00000000161fbd80 is pointing into the stack for thread: 0x0000000015b5f000
RBP=0x0000000000000000 is an unknown value
RSI=0x0000000000000000 is an unknown value
RDI=0x0000000000000000 is an unknown value
R8 =0x0000000000000000 is an unknown value
R9 =0x00000000ed35e2c0 is an oop
org.sqlite.NativeDB 
 - klass: 'org/sqlite/NativeDB'
R10=0x000000000000006a is an unknown value
R11=0x000000005b84d358 is an unknown value
R12=0x00000000161fbf20 is pointing into the stack for thread: 0x0000000015b5f000
R13=0x000000001c269ca8 is pointing into metadata
R14=0x00000000161fbf20 is pointing into the stack for thread: 0x0000000015b5f000
R15=0x0000000015b5f000 is a thread


Stack: [0x0000000016100000,0x0000000016200000],  sp=0x00000000161fbd80,  free space=1007k
Native frames: (J=compiled Java code, j=interpreted, Vv=VM code, C=native code)

Java frames: (J=compiled Java code, j=interpreted, Vv=VM code)
j  org.sqlite.NativeDB.prepare(Ljava/lang/String;)J+0
j  org.sqlite.DB.prepare(Lorg/sqlite/Stmt;)V+21
j  org.sqlite.Stmt.executeQuery(Ljava/lang/String;)Ljava/sql/ResultSet;+14
j  Queries.request()V+12
j  Queries.symmetricUnion()V+1
v  ~StubRoutines::call_stub
j  sun.reflect.NativeMethodAccessorImpl.invoke0(Ljava/lang/reflect/Method;Ljava/lang/Object;[Ljava/lang/Object;)Ljava/lang/Object;+0
j  sun.reflect.NativeMethodAccessorImpl.invoke(Ljava/lang/Object;[Ljava/lang/Object;)Ljava/lang/Object;+100
J 1204 C1 sun.reflect.DelegatingMethodAccessorImpl.invoke(Ljava/lang/Object;[Ljava/lang/Object;)Ljava/lang/Object; (10 bytes) @ 0x0000000002789744 [0x0000000002789640+0x104]
J 1203 C1 java.lang.reflect.Method.invoke(Ljava/lang/Object;[Ljava/lang/Object;)Ljava/lang/Object; (62 bytes) @ 0x000000000278916c [0x0000000002788d80+0x3ec]
j  sun.reflect.misc.Trampoline.invoke(Ljava/lang/reflect/Method;Ljava/lang/Object;[Ljava/lang/Object;)Ljava/lang/Object;+7
j  sun.reflect.GeneratedMethodAccessor1.invoke(Ljava/lang/Object;[Ljava/lang/Object;)Ljava/lang/Object;+40
J 1204 C1 sun.reflect.DelegatingMethodAccessorImpl.invoke(Ljava/lang/Object;[Ljava/lang/Object;)Ljava/lang/Object; (10 bytes) @ 0x0000000002789744 [0x0000000002789640+0x104]
J 1203 C1 java.lang.reflect.Method.invoke(Ljava/lang/Object;[Ljava/lang/Object;)Ljava/lang/Object; (62 bytes) @ 0x000000000278916c [0x0000000002788d80+0x3ec]
j  sun.reflect.misc.MethodUtil.invoke(Ljava/lang/reflect/Method;Ljava/lang/Object;[Ljava/lang/Object;)Ljava/lang/Object;+20
j  javafx.fxml.FXMLLoader$MethodHandler.invoke([Ljava/lang/Object;)V+38
j  javafx.fxml.FXMLLoader$ControllerMethodEventHandler.handle(Ljavafx/event/Event;)V+12
j  com.sun.javafx.event.CompositeEventHandler.dispatchBubblingEvent(Ljavafx/event/Event;)V+51
J 1803 C1 com.sun.javafx.event.EventHandlerManager.dispatchBubblingEvent(Ljavafx/event/Event;)Ljavafx/event/Event; (23 bytes) @ 0x00000000028eca4c [0x00000000028ec3a0+0x6ac]
J 1797 C1 com.sun.javafx.event.BasicEventDispatcher.dispatchEvent(Ljavafx/event/Event;Ljavafx/event/EventDispatchChain;)Ljavafx/event/Event; (44 bytes) @ 0x00000000028ea47c [0x00000000028ea140+0x33c]
J 1586 C1 com.sun.javafx.event.EventDispatchChainImpl.dispatchEvent(Ljavafx/event/Event;)Ljavafx/event/Event; (101 bytes) @ 0x0000000002887d34 [0x0000000002887b80+0x1b4]
J 2123 C1 com.sun.javafx.event.EventUtil.fireEvent(Ljavafx/event/EventTarget;Ljavafx/event/Event;)Ljavafx/event/Event; (81 bytes) @ 0x00000000029bb374 [0x00000000029ba780+0xbf4]
J 2122 C1 javafx.event.Event.fireEvent(Ljavafx/event/EventTarget;Ljavafx/event/Event;)V (35 bytes) @ 0x00000000029b96ec [0x00000000029b9620+0xcc]
j  javafx.scene.control.MenuItem.fire()V+10
j  com.sun.javafx.scene.control.skin.ContextMenuContent$MenuItemContainer.doSelect()V+97
j  com.sun.javafx.scene.control.skin.ContextMenuContent$MenuItemContainer.lambda$createChildren$343(Ljavafx/scene/input/MouseEvent;)V+1
j  com.sun.javafx.scene.control.skin.ContextMenuContent$MenuItemContainer$$Lambda$246.handle(Ljavafx/event/Event;)V+8
j  com.sun.javafx.event.CompositeEventHandler$NormalEventHandlerRecord.handleBubblingEvent(Ljavafx/event/Event;)V+5
j  com.sun.javafx.event.CompositeEventHandler.dispatchBubblingEvent(Ljavafx/event/Event;)V+28
J 1803 C1 com.sun.javafx.event.EventHandlerManager.dispatchBubblingEvent(Ljavafx/event/Event;)Ljavafx/event/Event; (23 bytes) @ 0x00000000028eca4c [0x00000000028ec3a0+0x6ac]
J 1804 C1 com.sun.javafx.event.CompositeEventDispatcher.dispatchBubblingEvent(Ljavafx/event/Event;)Ljavafx/event/Event; (35 bytes) @ 0x00000000028ed41c [0x00000000028ed260+0x1bc]
J 1797 C1 com.sun.javafx.event.BasicEventDispatcher.dispatchEvent(Ljavafx/event/Event;Ljavafx/event/EventDispatchChain;)Ljavafx/event/Event; (44 bytes) @ 0x00000000028ea47c [0x00000000028ea140+0x33c]
J 1586 C1 com.sun.javafx.event.EventDispatchChainImpl.dispatchEvent(Ljavafx/event/Event;)Ljavafx/event/Event; (101 bytes) @ 0x0000000002887d34 [0x0000000002887b80+0x1b4]
J 1797 C1 com.sun.javafx.event.BasicEventDispatcher.dispatchEvent(Ljavafx/event/Event;Ljavafx/event/EventDispatchChain;)Ljavafx/event/Event; (44 bytes) @ 0x00000000028ea394 [0x00000000028ea140+0x254]
J 1586 C1 com.sun.javafx.event.EventDispatchChainImpl.dispatchEvent(Ljavafx/event/Event;)Ljavafx/event/Event; (101 bytes) @ 0x0000000002887d34 [0x0000000002887b80+0x1b4]
J 1797 C1 com.sun.javafx.event.BasicEventDispatcher.dispatchEvent(Ljavafx/event/Event;Ljavafx/event/EventDispatchChain;)Ljavafx/event/Event; (44 bytes) @ 0x00000000028ea394 [0x00000000028ea140+0x254]
J 1586 C1 com.sun.javafx.event.EventDispatchChainImpl.dispatchEvent(Ljavafx/event/Event;)Ljavafx/event/Event; (101 bytes) @ 0x0000000002887d34 [0x0000000002887b80+0x1b4]
J 1797 C1 com.sun.javafx.event.BasicEventDispatcher.dispatchEvent(Ljavafx/event/Event;Ljavafx/event/EventDispatchChain;)Ljavafx/event/Event; (44 bytes) @ 0x00000000028ea394 [0x00000000028ea140+0x254]
J 1586 C1 com.sun.javafx.event.EventDispatchChainImpl.dispatchEvent(Ljavafx/event/Event;)Ljavafx/event/Event; (101 bytes) @ 0x0000000002887d34 [0x0000000002887b80+0x1b4]
J 2123 C1 com.sun.javafx.event.EventUtil.fireEvent(Ljavafx/event/EventTarget;Ljavafx/event/Event;)Ljavafx/event/Event; (81 bytes) @ 0x00000000029baec4 [0x00000000029ba780+0x744]
J 2198 C1 javafx.scene.Scene$MouseHandler.process(Ljavafx/scene/input/MouseEvent;Z)V (735 bytes) @ 0x00000000029fa7d4 [0x00000000029f7d20+0x2ab4]
J 2197 C1 javafx.scene.Scene$MouseHandler.access$1500(Ljavafx/scene/Scene$MouseHandler;Ljavafx/scene/input/MouseEvent;Z)V (7 bytes) @ 0x00000000029f755c [0x00000000029f7500+0x5c]
j  javafx.scene.Scene.impl_processMouseEvent(Ljavafx/scene/input/MouseEvent;)V+6
j  javafx.scene.Scene$ScenePeerListener.mouseEvent(Ljavafx/event/EventType;DDDDLjavafx/scene/input/MouseButton;ZZZZZZZZZ)V+46
j  com.sun.javafx.tk.quantum.GlassViewEventHandler$MouseEventNotification.run()Ljava/lang/Void;+514
j  com.sun.javafx.tk.quantum.GlassViewEventHandler$MouseEventNotification.run()Ljava/lang/Object;+1
v  ~StubRoutines::call_stub
J 1876  java.security.AccessController.doPrivileged(Ljava/security/PrivilegedAction;Ljava/security/AccessControlContext;)Ljava/lang/Object; (0 bytes) @ 0x00000000029105e6 [0x0000000002910580+0x66]
j  com.sun.javafx.tk.quantum.GlassViewEventHandler.lambda$handleMouseEvent$354()Ljava/lang/Void;+11
j  com.sun.javafx.tk.quantum.GlassViewEventHandler$$Lambda$110.get()Ljava/lang/Object;+4
J 2231 C1 com.sun.javafx.tk.quantum.QuantumToolkit.runWithoutRenderLock(Ljava/util/function/Supplier;)Ljava/lang/Object; (49 bytes) @ 0x0000000002a0f0dc [0x0000000002a0eba0+0x53c]
j  com.sun.javafx.tk.quantum.GlassViewEventHandler.handleMouseEvent(Lcom/sun/glass/ui/View;JIIIIIIIZZ)V+103
J 2238 C1 com.sun.glass.ui.View.notifyMouse(IIIIIIIZZ)V (221 bytes) @ 0x0000000002a198f4 [0x0000000002a188a0+0x1054]
v  ~StubRoutines::call_stub
j  com.sun.glass.ui.win.WinApplication._runLoop(Ljava/lang/Runnable;)V+0
j  com.sun.glass.ui.win.WinApplication.lambda$null$148(ILjava/lang/Runnable;)V+8
j  com.sun.glass.ui.win.WinApplication$$Lambda$38.run()V+12
j  java.lang.Thread.run()V+11
v  ~StubRoutines::call_stub

---------------  P R O C E S S  ---------------

Java Threads: ( => current thread )
  0x000000001811d800 JavaThread "Prism Font Disposer" daemon [_thread_blocked, id=6652, stack(0x000000001a6c0000,0x000000001a7c0000)]
  0x0000000017ce5800 JavaThread "Thread-3" daemon [_thread_in_native, id=6640, stack(0x00000000184a0000,0x00000000185a0000)]
  0x0000000015b9d000 JavaThread "JavaFX-Launcher" [_thread_blocked, id=3964, stack(0x00000000185a0000,0x00000000186a0000)]
=>0x0000000015b5f000 JavaThread "JavaFX Application Thread" [_thread_in_vm, id=3424, stack(0x0000000016100000,0x0000000016200000)]
  0x0000000015b6b000 JavaThread "Thread-1" daemon [_thread_blocked, id=4708, stack(0x0000000016000000,0x0000000016100000)]
  0x0000000015b48000 JavaThread "QuantumRenderer-0" daemon [_thread_blocked, id=3644, stack(0x0000000015dc0000,0x0000000015ec0000)]
  0x00000000144f3800 JavaThread "Service Thread" daemon [_thread_blocked, id=4448, stack(0x00000000156d0000,0x00000000157d0000)]
  0x000000001448e800 JavaThread "C1 CompilerThread1" daemon [_thread_blocked, id=6952, stack(0x00000000155d0000,0x00000000156d0000)]
  0x000000001448c000 JavaThread "C2 CompilerThread0" daemon [_thread_blocked, id=396, stack(0x00000000154d0000,0x00000000155d0000)]
  0x000000001448a800 JavaThread "Attach Listener" daemon [_thread_blocked, id=1580, stack(0x00000000153d0000,0x00000000154d0000)]
  0x0000000014487800 JavaThread "Signal Dispatcher" daemon [_thread_blocked, id=2436, stack(0x00000000152d0000,0x00000000153d0000)]
  0x0000000014478800 JavaThread "Finalizer" daemon [_thread_blocked, id=6284, stack(0x00000000150e0000,0x00000000151e0000)]
  0x000000000234e800 JavaThread "Reference Handler" daemon [_thread_blocked, id=7564, stack(0x0000000014fe0000,0x00000000150e0000)]
  0x0000000002260800 JavaThread "main" [_thread_blocked, id=7684, stack(0x00000000020c0000,0x00000000021c0000)]

Other Threads:
  0x0000000014456800 VMThread [stack: 0x0000000014ee0000,0x0000000014fe0000] [id=4088]
  0x00000000157d9800 WatcherThread [stack: 0x0000000015cc0000,0x0000000015dc0000] [id=5264]

VM state:not at safepoint (normal execution)

VM Mutex/Monitor currently owned by a thread: None

Heap:
 PSYoungGen      total 17920K, used 12404K [0x00000000eca00000, 0x00000000ede00000, 0x0000000100000000)
  eden space 15360K, 64% used [0x00000000eca00000,0x00000000ed3a5208,0x00000000ed900000)
  from space 2560K, 98% used [0x00000000edb80000,0x00000000eddf8020,0x00000000ede00000)
  to   space 2560K, 0% used [0x00000000ed900000,0x00000000ed900000,0x00000000edb80000)
 ParOldGen       total 40960K, used 1674K [0x00000000c5e00000, 0x00000000c8600000, 0x00000000eca00000)
  object space 40960K, 4% used [0x00000000c5e00000,0x00000000c5fa2830,0x00000000c8600000)
 Metaspace       used 17575K, capacity 18664K, committed 18944K, reserved 1064960K
  class space    used 2522K, capacity 2719K, committed 2816K, reserved 1048576K

Card table byte_map: [0x0000000011720000,0x0000000011900000] byte_map_base: 0x00000000110f1000

Marking Bits: (ParMarkBitMap*) 0x000000005b85b6d0
 Begin Bits: [0x0000000011c40000, 0x0000000012ac8000)
 End Bits:   [0x0000000012ac8000, 0x0000000013950000)

Polling page: 0x0000000000400000

CodeCache: size=245760Kb used=7064Kb max_used=7076Kb free=238695Kb
 bounds [0x0000000002360000, 0x0000000002a50000, 0x0000000011360000]
 total_blobs=2945 nmethods=2306 adapters=552
 compilation: enabled

Compilation events (10 events):
Event: 24.787 Thread 0x000000001448c000 nmethod 2300% 0x0000000002a49c90 code [0x0000000002a49ea0, 0x0000000002a4ac80]
Event: 24.788 Thread 0x000000001448c000 2302       4       sun.security.provider.ByteArrayAccess::b2iLittle64 (614 bytes)
Event: 24.790 Thread 0x000000001448c000 nmethod 2302 0x0000000002a3e750 code [0x0000000002a3e8a0, 0x0000000002a3ead8]
Event: 24.790 Thread 0x000000001448c000 2304       4       java.security.DigestInputStream::read (31 bytes)
Event: 24.795 Thread 0x000000001448e800 2306   !   3       java.util.Collections$SynchronizedCollection::add (25 bytes)
Event: 24.796 Thread 0x000000001448e800 nmethod 2306 0x0000000002a41510 code [0x0000000002a41680, 0x0000000002a41a28]
Event: 24.799 Thread 0x000000001448c000 nmethod 2304 0x0000000002a4b910 code [0x0000000002a4baa0, 0x0000000002a4c418]
Event: 24.799 Thread 0x000000001448c000 2301       4       sun.security.provider.MD5::implCompress (1508 bytes)
Event: 24.815 Thread 0x000000001448c000 nmethod 2301 0x0000000002a40610 code [0x0000000002a40760, 0x0000000002a413a8]
Event: 24.815 Thread 0x000000001448c000 2303   !   4       org.sqlite.SQLiteJDBCLoader::md5sum (104 bytes)

GC Heap History (4 events):
Event: 5.730 GC heap before
{Heap before GC invocations=1 (full 0):
 PSYoungGen      total 17920K, used 15360K [0x00000000eca00000, 0x00000000ede00000, 0x0000000100000000)
  eden space 15360K, 100% used [0x00000000eca00000,0x00000000ed900000,0x00000000ed900000)
  from space 2560K, 0% used [0x00000000edb80000,0x00000000edb80000,0x00000000ede00000)
  to   space 2560K, 0% used [0x00000000ed900000,0x00000000ed900000,0x00000000edb80000)
 ParOldGen       total 40960K, used 0K [0x00000000c5e00000, 0x00000000c8600000, 0x00000000eca00000)
  object space 40960K, 0% used [0x00000000c5e00000,0x00000000c5e00000,0x00000000c8600000)
 Metaspace       used 9839K, capacity 10212K, committed 10368K, reserved 1058816K
  class space    used 1261K, capacity 1370K, committed 1408K, reserved 1048576K
Event: 5.760 GC heap after
Heap after GC invocations=1 (full 0):
 PSYoungGen      total 17920K, used 2144K [0x00000000eca00000, 0x00000000ede00000, 0x0000000100000000)
  eden space 15360K, 0% used [0x00000000eca00000,0x00000000eca00000,0x00000000ed900000)
  from space 2560K, 83% used [0x00000000ed900000,0x00000000edb18050,0x00000000edb80000)
  to   space 2560K, 0% used [0x00000000edb80000,0x00000000edb80000,0x00000000ede00000)
 ParOldGen       total 40960K, used 8K [0x00000000c5e00000, 0x00000000c8600000, 0x00000000eca00000)
  object space 40960K, 0% used [0x00000000c5e00000,0x00000000c5e02000,0x00000000c8600000)
 Metaspace       used 9839K, capacity 10212K, committed 10368K, reserved 1058816K
  class space    used 1261K, capacity 1370K, committed 1408K, reserved 1048576K
}
Event: 9.255 GC heap before
{Heap before GC invocations=2 (full 0):
 PSYoungGen      total 17920K, used 17122K [0x00000000eca00000, 0x00000000ede00000, 0x0000000100000000)
  eden space 15360K, 97% used [0x00000000eca00000,0x00000000ed8a0b88,0x00000000ed900000)
  from space 2560K, 83% used [0x00000000ed900000,0x00000000edb18050,0x00000000edb80000)
  to   space 2560K, 0% used [0x00000000edb80000,0x00000000edb80000,0x00000000ede00000)
 ParOldGen       total 40960K, used 8K [0x00000000c5e00000, 0x00000000c8600000, 0x00000000eca00000)
  object space 40960K, 0% used [0x00000000c5e00000,0x00000000c5e02000,0x00000000c8600000)
 Metaspace       used 15271K, capacity 16280K, committed 16384K, reserved 1062912K
  class space    used 2269K, capacity 2477K, committed 2560K, reserved 1048576K
Event: 9.264 GC heap after
Heap after GC invocations=2 (full 0):
 PSYoungGen      total 17920K, used 2528K [0x00000000eca00000, 0x00000000ede00000, 0x0000000100000000)
  eden space 15360K, 0% used [0x00000000eca00000,0x00000000eca00000,0x00000000ed900000)
  from space 2560K, 98% used [0x00000000edb80000,0x00000000eddf8020,0x00000000ede00000)
  to   space 2560K, 0% used [0x00000000ed900000,0x00000000ed900000,0x00000000edb80000)
 ParOldGen       total 40960K, used 1674K [0x00000000c5e00000, 0x00000000c8600000, 0x00000000eca00000)
  object space 40960K, 4% used [0x00000000c5e00000,0x00000000c5fa2830,0x00000000c8600000)
 Metaspace       used 15271K, capacity 16280K, committed 16384K, reserved 1062912K
  class space    used 2269K, capacity 2477K, committed 2560K, reserved 1048576K
}

Deoptimization events (10 events):
Event: 9.057 Thread 0x0000000015b5f000 Uncommon trap: reason=unstable_if action=reinterpret pc=0x0000000002558580 method=java.lang.CharacterData.of(I)Ljava/lang/CharacterData; @ 4
Event: 12.452 Thread 0x0000000015b5f000 Uncommon trap: reason=unstable_if action=reinterpret pc=0x000000000263eaa8 method=jdk.internal.org.objectweb.asm.Type.getArgumentsAndReturnSizes(Ljava/lang/String;)I @ 47
Event: 13.074 Thread 0x0000000015b48000 Uncommon trap: reason=unstable_if action=reinterpret pc=0x00000000028d718c method=java.lang.Math.round(F)I @ 36
Event: 24.386 Thread 0x0000000015b5f000 Uncommon trap: reason=unstable_if action=reinterpret pc=0x000000000274c660 method=java.lang.String.trim()Ljava/lang/String; @ 23
Event: 24.404 Thread 0x0000000015b5f000 Uncommon trap: reason=unstable_if action=reinterpret pc=0x0000000002745750 method=java.lang.AbstractStringBuilder.append(Ljava/lang/String;)Ljava/lang/AbstractStringBuilder; @ 1
Event: 24.575 Thread 0x0000000015b5f000 Uncommon trap: reason=unstable_if action=reinterpret pc=0x00000000029970f8 method=java.lang.ThreadLocal$ThreadLocalMap.getEntry(Ljava/lang/ThreadLocal;)Ljava/lang/ThreadLocal$ThreadLocalMap$Entry; @ 21
Event: 24.585 Thread 0x0000000015b5f000 Uncommon trap: reason=unstable_if action=reinterpret pc=0x00000000026003c4 method=java.lang.String.indexOf([CII[CIII)I @ 3
Event: 24.718 Thread 0x0000000015b5f000 Uncommon trap: reason=unstable_if action=reinterpret pc=0x0000000002a38f0c method=java.security.DigestInputStream.read()I @ 17
Event: 24.718 Thread 0x0000000015b5f000 Uncommon trap: reason=unstable_if action=reinterpret pc=0x0000000002a34be4 method=org.sqlite.SQLiteJDBCLoader.md5sum(Ljava/io/InputStream;)Ljava/lang/String; @ 29
Event: 24.755 Thread 0x0000000015b5f000 Uncommon trap: reason=unstable_if action=reinterpret pc=0x0000000002a39d60 method=sun.security.provider.DigestBase.engineUpdate(B)V @ 4

Internal exceptions (10 events):
Event: 3.793 Thread 0x0000000015b5f000 Exception <a 'java/lang/NullPointerException'> (0x00000000ed500f40) thrown at [C:\re\workspace\8-2-build-windows-amd64-cygwin\jdk8u121\8372\hotspot\src\share\vm\interpreter\linkResolver.cpp, line 1178]
Event: 3.793 Thread 0x0000000015b5f000 Exception <a 'java/lang/NullPointerException'> (0x00000000ed500f40) thrown at [C:\re\workspace\8-2-build-windows-amd64-cygwin\jdk8u121\8372\hotspot\src\share\vm\prims\jvm.cpp, line 1394]
Event: 6.990 Thread 0x0000000015b5f000 Exception <a 'java/lang/ArrayIndexOutOfBoundsException'> (0x00000000ecee2760) thrown at [C:\re\workspace\8-2-build-windows-amd64-cygwin\jdk8u121\8372\hotspot\src\share\vm\runtime\sharedRuntime.cpp, line 605]
Event: 7.012 Thread 0x0000000015b5f000 Exception <a 'java/lang/ArrayIndexOutOfBoundsException'> (0x00000000ecee3278) thrown at [C:\re\workspace\8-2-build-windows-amd64-cygwin\jdk8u121\8372\hotspot\src\share\vm\runtime\sharedRuntime.cpp, line 605]
Event: 7.012 Thread 0x0000000015b5f000 Exception <a 'java/lang/ArrayIndexOutOfBoundsException'> (0x00000000ecee4620) thrown at [C:\re\workspace\8-2-build-windows-amd64-cygwin\jdk8u121\8372\hotspot\src\share\vm\runtime\sharedRuntime.cpp, line 605]
Event: 7.440 Thread 0x0000000015b5f000 Exception <a 'java/lang/ArrayIndexOutOfBoundsException'> (0x00000000ecf4b070) thrown at [C:\re\workspace\8-2-build-windows-amd64-cygwin\jdk8u121\8372\hotspot\src\share\vm\runtime\sharedRuntime.cpp, line 605]
Event: 7.464 Thread 0x0000000015b5f000 Exception <a 'java/lang/ArrayIndexOutOfBoundsException'> (0x00000000ecf73830) thrown at [C:\re\workspace\8-2-build-windows-amd64-cygwin\jdk8u121\8372\hotspot\src\share\vm\runtime\sharedRuntime.cpp, line 605]
Event: 24.404 Thread 0x0000000015b5f000 Implicit null exception at 0x0000000002745396 to 0x0000000002745735
Event: 24.575 Thread 0x0000000015b5f000 Implicit null exception at 0x0000000002997070 to 0x00000000029970dd
Event: 24.755 Thread 0x0000000015b5f000 Implicit null exception at 0x0000000002a39a8a to 0x0000000002a39d4d

Events (10 events):
Event: 24.794 loading class org/sqlite/Unused
Event: 24.794 loading class org/sqlite/Unused done
Event: 24.796 loading class org/sqlite/RS
Event: 24.796 loading class org/sqlite/RS done
Event: 24.797 loading class java/sql/ResultSetMetaData
Event: 24.797 loading class java/sql/ResultSetMetaData done
Event: 24.798 loading class java/io/StringReader
Event: 24.810 loading class java/io/StringReader done
Event: 24.811 loading class java/util/Hashtable$KeySet
Event: 24.820 loading class java/util/Hashtable$KeySet done


Dynamic libraries:
0x00007ff6793b0000 - 0x00007ff6793e7000 	C:\Program Files\Java\jre1.8.0_121\bin\javaw.exe
0x00007ff8107f0000 - 0x00007ff8109b1000 	C:\Windows\SYSTEM32\ntdll.dll
0x00007ff8102a0000 - 0x00007ff81034d000 	C:\Windows\system32\KERNEL32.DLL
0x00007ff80d700000 - 0x00007ff80d8e8000 	C:\Windows\system32\KERNELBASE.dll
0x00007ff810420000 - 0x00007ff8104c7000 	C:\Windows\system32\ADVAPI32.dll
0x00007ff80fd60000 - 0x00007ff80fdfd000 	C:\Windows\system32\msvcrt.dll
0x00007ff80e740000 - 0x00007ff80e79b000 	C:\Windows\system32\sechost.dll
0x00007ff8106c0000 - 0x00007ff8107dc000 	C:\Windows\system32\RPCRT4.dll
0x00007ff80ff60000 - 0x00007ff8100b6000 	C:\Windows\system32\USER32.dll
0x00007ff80dda0000 - 0x00007ff80df26000 	C:\Windows\system32\GDI32.dll
0x00007ff800240000 - 0x00007ff8004b4000 	C:\Windows\WinSxS\amd64_microsoft.windows.common-controls_6595b64144ccf1df_6.0.10586.0_none_8c15ae12515e1c22\COMCTL32.dll
0x00007ff80e090000 - 0x00007ff80e30d000 	C:\Windows\system32\combase.dll
0x00007ff80dac0000 - 0x00007ff80db2a000 	C:\Windows\system32\bcryptPrimitives.dll
0x00007ff80fd20000 - 0x00007ff80fd5b000 	C:\Windows\system32\IMM32.DLL
0x000000005add0000 - 0x000000005aea2000 	C:\Program Files\Java\jre1.8.0_121\bin\msvcr100.dll
0x000000005b040000 - 0x000000005b8db000 	C:\Program Files\Java\jre1.8.0_121\bin\server\jvm.dll
0x00007ff80ff50000 - 0x00007ff80ff58000 	C:\Windows\system32\PSAPI.DLL
0x00007ff80b270000 - 0x00007ff80b293000 	C:\Windows\SYSTEM32\WINMM.dll
0x00007ff80cad0000 - 0x00007ff80cad9000 	C:\Windows\SYSTEM32\WSOCK32.dll
0x00007ff8101d0000 - 0x00007ff81023b000 	C:\Windows\system32\WS2_32.dll
0x00007ff80b240000 - 0x00007ff80b26c000 	C:\Windows\SYSTEM32\WINMMBASE.dll
0x00007ff80d060000 - 0x00007ff80d0a3000 	C:\Windows\system32\cfgmgr32.dll
0x00007ff80b000000 - 0x00007ff80b00a000 	C:\Windows\SYSTEM32\VERSION.dll
0x000000005b030000 - 0x000000005b03f000 	C:\Program Files\Java\jre1.8.0_121\bin\verify.dll
0x000000005b000000 - 0x000000005b029000 	C:\Program Files\Java\jre1.8.0_121\bin\java.dll
0x000000005afe0000 - 0x000000005aff6000 	C:\Program Files\Java\jre1.8.0_121\bin\zip.dll
0x00007ff80e7a0000 - 0x00007ff80fcff000 	C:\Windows\system32\SHELL32.dll
0x00007ff80d0b0000 - 0x00007ff80d6f4000 	C:\Windows\system32\windows.storage.dll
0x00007ff810240000 - 0x00007ff810292000 	C:\Windows\system32\shlwapi.dll
0x00007ff80ce20000 - 0x00007ff80ce2f000 	C:\Windows\system32\kernel.appcore.dll
0x00007ff80db30000 - 0x00007ff80dbe5000 	C:\Windows\system32\shcore.dll
0x00007ff80ce30000 - 0x00007ff80ce7b000 	C:\Windows\system32\powrprof.dll
0x00007ff80ce80000 - 0x00007ff80ce94000 	C:\Windows\system32\profapi.dll
0x00007fffef370000 - 0x00007fffef45f000 	C:\Program Files\Java\jre1.8.0_121\bin\msvcr120.dll
0x00007ffff4e70000 - 0x00007ffff4f16000 	C:\Program Files\Java\jre1.8.0_121\bin\msvcp120.dll
0x000000005ada0000 - 0x000000005adc2000 	C:\Program Files\Java\jre1.8.0_121\bin\prism_d3d.dll
0x00007fffe8630000 - 0x00007fffe8840000 	C:\Windows\system32\d3d9.dll
0x00007ff809380000 - 0x00007ff8093a2000 	C:\Windows\SYSTEM32\dwmapi.dll
0x00007ff80b710000 - 0x00007ff80b7a6000 	C:\Windows\system32\uxtheme.dll
0x00007fffe4390000 - 0x00007fffe4dfe000 	C:\Windows\SYSTEM32\igdumdim64.dll
0x00007ff8079d0000 - 0x00007ff807e2f000 	C:\Windows\SYSTEM32\igdusc64.dll
0x000000005ad50000 - 0x000000005ad93000 	C:\Program Files\Java\jre1.8.0_121\bin\glass.dll
0x00007ff8100c0000 - 0x00007ff8101cb000 	C:\Windows\system32\COMDLG32.dll
0x00007ff80cea0000 - 0x00007ff80cf26000 	C:\Windows\system32\FirewallAPI.dll
0x00007ff80cf30000 - 0x00007ff80cf47000 	C:\Windows\system32\NETAPI32.dll
0x00007ff80fe00000 - 0x00007ff80ff43000 	C:\Windows\system32\ole32.dll
0x00007ff810350000 - 0x00007ff810411000 	C:\Windows\system32\OLEAUT32.dll
0x00007ff80cae0000 - 0x00007ff80caec000 	C:\Windows\SYSTEM32\DAVHLPR.DLL
0x00007ff80b8a0000 - 0x00007ff80b8d2000 	C:\Windows\SYSTEM32\fwbase.dll
0x00007ff80df30000 - 0x00007ff80e08a000 	C:\Windows\system32\MSCTF.dll
0x000000005ad30000 - 0x000000005ad44000 	C:\Program Files\Java\jre1.8.0_121\bin\javafx_font.dll
0x00007ff803230000 - 0x00007ff803490000 	C:\Windows\SYSTEM32\dwrite.dll
0x00007ff8104d0000 - 0x00007ff810577000 	C:\Windows\system32\clbcatq.dll
0x00007ff808ac0000 - 0x00007ff808c71000 	C:\Windows\SYSTEM32\WindowsCodecs.dll
0x00007ffffca00000 - 0x00007ffffca4a000 	C:\Windows\system32\dataexchange.dll
0x00007ff808d30000 - 0x00007ff808fd8000 	C:\Windows\system32\d3d11.dll
0x00007ff80adb0000 - 0x00007ff80ae93000 	C:\Windows\system32\dcomp.dll
0x00007ff808c80000 - 0x00007ff808d22000 	C:\Windows\system32\dxgi.dll
0x00007ff80aee0000 - 0x00007ff80afe0000 	C:\Windows\system32\twinapi.appcore.dll
0x00007ff80cd40000 - 0x00007ff80cd69000 	C:\Windows\system32\bcrypt.dll
0x00007ffff5f60000 - 0x00007ffff5f94000 	C:\Program Files\Common Files\Microsoft Shared\Ink\rtscom.dll
0x000000005ad10000 - 0x000000005ad21000 	C:\Program Files\Java\jre1.8.0_121\bin\prism_common.dll
0x0000000069340000 - 0x00000000693c5000 	C:\Users\Grandfather\AppData\Local\Temp\sqlite-3.7.2-sqlitejdbc.dll
0x00007fffed380000 - 0x00007fffed50c000 	C:\Windows\SYSTEM32\dbghelp.dll

VM Arguments:
jvm_args: -Dfile.encoding=Cp1251 
java_command: Queries
java_class_path (initial): D:\Grandfather\Documents\Eclipse\DB_CourseProject\bin;D:\Program Files\Eclipse\eclipse\plugins\org.eclipse.fx.ide.css.jfx8_2.4.0.201605112122.jar;D:\Program Files\Eclipse\SQLite\sqlite-jdbc-3.7.2.jar
Launcher Type: SUN_STANDARD

Environment Variables:
PATH=C:/Program Files/Java/jre1.8.0_121/bin/server;C:/Program Files/Java/jre1.8.0_121/bin;C:/Program Files/Java/jre1.8.0_121/lib/amd64;C:\ProgramData\Oracle\Java\javapath;C:\Windows\system32;C:\Windows;C:\Windows\System32\Wbem;C:\Windows\System32\WindowsPowerShell\v1.0\;C:\Windows\system32\config\systemprofile\.dnx\bin;C:\Program Files\Microsoft DNX\Dnvm\;C:\Program Files\Microsoft SQL Server\130\Tools\Binn\;C:\Program Files (x86)\Windows Kits\8.1\Windows Performance Toolkit\;C:\Program Files (x86)\Skype\Phone\;D:\Program Files\Eclipse\eclipse;
USERNAME=Grandfather
OS=Windows_NT
PROCESSOR_IDENTIFIER=Intel64 Family 6 Model 58 Stepping 9, GenuineIntel



---------------  S Y S T E M  ---------------

OS: Windows 10.0 , 64 bit Build 10586 (10.0.10586.0)

CPU:total 2 (2 cores per cpu, 1 threads per core) family 6 model 58 stepping 9, cmov, cx8, fxsr, mmx, sse, sse2, sse3, ssse3, sse4.1, sse4.2, popcnt, clmul, erms, tsc, tscinvbit, tscinv

Memory: 4k page, physical 3801800k(490052k free), swap 6932360k(1398684k free)

vm_info: Java HotSpot(TM) 64-Bit Server VM (25.121-b13) for windows-amd64 JRE (1.8.0_121-b13), built on Dec 12 2016 18:21:36 by "java_re" with MS VC++ 10.0 (VS2010)

time: Mon Jun 05 17:17:38 2017
elapsed time: 25 seconds (0d 0h 0m 25s)

